<?xml version="1.0" encoding="UTF-8"?>
<testng-results ignored="0" total="1" passed="1" failed="0" skipped="0">
  <reporter-output>
  </reporter-output>
  <suite started-at="2025-04-16T17:32:15 IST" name="Suite" finished-at="2025-04-16T17:32:41 IST" duration-ms="26441">
    <groups>
    </groups>
    <test started-at="2025-04-16T17:32:15 IST" name="chromeTest" finished-at="2025-04-16T17:32:41 IST" duration-ms="26441">
      <class name="testCases.LaptopNotePadCompare">
        <test-method is-config="true" signature="setup(java.lang.String,java.lang.String)[pri:0, instance:testCases.LaptopNotePadCompare@59b38691]" started-at="2025-04-16T17:32:15 IST" name="setup" finished-at="2025-04-16T17:32:23 IST" duration-ms="7636" status="PASS">
          <params>
            <param index="0">
              <value>
                <![CDATA[Windows]]>
              </value>
            </param>
            <param index="1">
              <value>
                <![CDATA[chrome]]>
              </value>
            </param>
          </params>
          <reporter-output>
          </reporter-output>
        </test-method> <!-- setup -->
        <test-method signature="CompareProducts()[pri:0, instance:testCases.LaptopNotePadCompare@59b38691]" started-at="2025-04-16T17:32:23 IST" name="CompareProducts" finished-at="2025-04-16T17:32:40 IST" duration-ms="17503" status="PASS">
          <reporter-output>
          </reporter-output>
        </test-method> <!-- CompareProducts -->
        <test-method is-config="true" signature="closeBrowser()[pri:0, instance:testCases.LaptopNotePadCompare@59b38691]" started-at="2025-04-16T17:32:40 IST" name="closeBrowser" finished-at="2025-04-16T17:32:41 IST" duration-ms="1083" status="PASS">
          <reporter-output>
          </reporter-output>
        </test-method> <!-- closeBrowser -->
      </class> <!-- testCases.LaptopNotePadCompare -->
    </test> <!-- chromeTest -->
  </suite> <!-- Suite -->
</testng-results>
